--------------- Clean Started: 10/31/2014 12:05:10 Project: main, Configuration: ARM GCC 4.7.3 Debug ---------------
Deleting file ".\CortexM0\ARM_GCC_473\Debug\main.o"
Deleting file ".\CortexM0\ARM_GCC_473\Debug\cyfitter_cfg.o"
Deleting file ".\CortexM0\ARM_GCC_473\Debug\cybootloader.o"
Deleting file ".\CortexM0\ARM_GCC_473\Debug\cymetadata.o"
Deleting file ".\CortexM0\ARM_GCC_473\Debug\Bootloadable.o"
Deleting file ".\CortexM0\ARM_GCC_473\Debug\SPI.o"
Deleting file ".\CortexM0\ARM_GCC_473\Debug\SPI_SPI_UART.o"
Deleting file ".\CortexM0\ARM_GCC_473\Debug\SPI_PM.o"
Deleting file ".\CortexM0\ARM_GCC_473\Debug\SPI_SPI.o"
Deleting file ".\CortexM0\ARM_GCC_473\Debug\SPI_BOOT.o"
Deleting file ".\CortexM0\ARM_GCC_473\Debug\SPI_SPI_BOOT.o"
Deleting file ".\CortexM0\ARM_GCC_473\Debug\UART.o"
Deleting file ".\CortexM0\ARM_GCC_473\Debug\UART_SPI_UART.o"
Deleting file ".\CortexM0\ARM_GCC_473\Debug\UART_SPI_UART_INT.o"
Deleting file ".\CortexM0\ARM_GCC_473\Debug\UART_PM.o"
Deleting file ".\CortexM0\ARM_GCC_473\Debug\UART_UART.o"
Deleting file ".\CortexM0\ARM_GCC_473\Debug\UART_BOOT.o"
Deleting file ".\CortexM0\ARM_GCC_473\Debug\UART_UART_BOOT.o"
Deleting file ".\CortexM0\ARM_GCC_473\Debug\isr_SPI.o"
Deleting file ".\CortexM0\ARM_GCC_473\Debug\isr_UART.o"
Deleting file ".\CortexM0\ARM_GCC_473\Debug\SPI_ss_s.o"
Deleting file ".\CortexM0\ARM_GCC_473\Debug\SPI_miso_s.o"
Deleting file ".\CortexM0\ARM_GCC_473\Debug\SPI_sclk_s.o"
Deleting file ".\CortexM0\ARM_GCC_473\Debug\SPI_mosi_s.o"
Deleting file ".\CortexM0\ARM_GCC_473\Debug\UART_tx.o"
Deleting file ".\CortexM0\ARM_GCC_473\Debug\UART_rx.o"
Deleting file ".\CortexM0\ARM_GCC_473\Debug\Cm0Start.o"
Deleting file ".\CortexM0\ARM_GCC_473\Debug\CyBootAsmGnu.o"
Deleting file ".\CortexM0\ARM_GCC_473\Debug\CyFlash.o"
Deleting file ".\CortexM0\ARM_GCC_473\Debug\CyLib.o"
Deleting file ".\CortexM0\ARM_GCC_473\Debug\cyPm.o"
Deleting file ".\CortexM0\ARM_GCC_473\Debug\cyutils.o"
Deleting file ".\CortexM0\ARM_GCC_473\Debug\main.hex"
Deleting file ".\CortexM0\ARM_GCC_473\Debug\main.elf"
Deleting file ".\CortexM0\ARM_GCC_473\Debug\main.map"
Deleting file ".\CortexM0\ARM_GCC_473\Debug\main.cyacd"
Deleting file ".\main.cycdx"
Deleting file ".\main.svd"
Deleting file ".\main.rpt"
Deleting file ".\main_timing.html"
Deleting file ".\CortexM0\ARM_GCC_473\Debug\.deps\C_FILE.P"
Deleting file ".\CortexM0\ARM_GCC_473\Debug\.deps\ARM_C_FILE.P"
Deleting file ".\CortexM0\ARM_GCC_473\Debug\.deps\GNU_ARM_ASM_FILE.P"
--------------- Clean Succeeded: 10/31/2014 12:05:10 ---------------
