--------------- Build Started: 10/31/2014 12:04:28 Project: main, Configuration: ARM GCC 4.7.3 Debug ---------------
cydsfit.exe "-.appdatapath" "C:\Users\prd005\AppData\Local\Cypress Semiconductor\PSoC Creator\3.0" "-.fdsnotice" "-.fdswarpdepfile=warp_dependencies.txt" "-.fdselabdepfile=elab_dependencies.txt" "-.fdsbldfile=generated_files.txt" "-p" "C:\Users\prd005\Documents\GitHub\integrated-robotics-lab-core\MotorDriver\OverDriveAdvanced\main.cydsn\main.cyprj" "-d" "CY8C4245AXI-483" "-s" "C:\Users\prd005\Documents\GitHub\integrated-robotics-lab-core\MotorDriver\OverDriveAdvanced\main.cydsn\Generated_Source\PSoC4" "--" "-yv2" "-v3" "-ygs" "-q10" "-o2" "-.fftcfgtype=LE"
Elaborating Design...
HDL Generation ...
Synthesis ...
Place and Route ...
Tech mapping ...
ADD: pft.M0040: information: The following 6 pin(s) will be assigned a location by the fitter: \SPI:miso_s(0)\, \SPI:mosi_s(0)\, \SPI:sclk_s(0)\, \SPI:ss_s(0)\, \UART:rx(0)\, \UART:tx(0)\
Info: mpr.M0037: Unused pieces of the design have been optimized out. See the Tech mapping section of the report file for details. (App=cydsfit)
Analog Placement ...
Analog Routing ...
Analog Code Generation ...
Digital Placement ...
Digital Routing ...
Bitstream Generation ...
Static timing analysis ...
API Generation ...
Dependency Generation ...
Clean Temporary Files ...
arm-none-eabi-gcc.exe -I. -I./Generated_Source/PSoC4 -Wno-main -mcpu=cortex-m0 -mthumb -Wall -g -D DEBUG -Wa,-alh=.\CortexM0\ARM_GCC_473\Debug\main.lst -ffunction-sections -c .\main.c -o .\CortexM0\ARM_GCC_473\Debug\main.o
arm-none-eabi-gcc.exe -I. -I./Generated_Source/PSoC4 -Wno-main -mcpu=cortex-m0 -mthumb -Wall -g -D DEBUG -Wa,-alh=.\CortexM0\ARM_GCC_473\Debug\cyfitter_cfg.lst -ffunction-sections -c .\Generated_Source\PSoC4\cyfitter_cfg.c -o .\CortexM0\ARM_GCC_473\Debug\cyfitter_cfg.o
arm-none-eabi-gcc.exe -I. -I./Generated_Source/PSoC4 -Wno-main -mcpu=cortex-m0 -mthumb -Wall -g -D DEBUG -Wa,-alh=.\CortexM0\ARM_GCC_473\Debug\cybootloader.lst -ffunction-sections -c .\Generated_Source\PSoC4\cybootloader.c -o .\CortexM0\ARM_GCC_473\Debug\cybootloader.o
arm-none-eabi-gcc.exe -I. -I./Generated_Source/PSoC4 -Wno-main -mcpu=cortex-m0 -mthumb -Wall -g -D DEBUG -Wa,-alh=.\CortexM0\ARM_GCC_473\Debug\cymetadata.lst -ffunction-sections -c .\Generated_Source\PSoC4\cymetadata.c -o .\CortexM0\ARM_GCC_473\Debug\cymetadata.o
arm-none-eabi-gcc.exe -I. -I./Generated_Source/PSoC4 -Wno-main -mcpu=cortex-m0 -mthumb -Wall -g -D DEBUG -Wa,-alh=.\CortexM0\ARM_GCC_473\Debug\Bootloadable.lst -ffunction-sections -c .\Generated_Source\PSoC4\Bootloadable.c -o .\CortexM0\ARM_GCC_473\Debug\Bootloadable.o
arm-none-eabi-gcc.exe -I. -I./Generated_Source/PSoC4 -Wno-main -mcpu=cortex-m0 -mthumb -Wall -g -D DEBUG -Wa,-alh=.\CortexM0\ARM_GCC_473\Debug\SPI.lst -ffunction-sections -c .\Generated_Source\PSoC4\SPI.c -o .\CortexM0\ARM_GCC_473\Debug\SPI.o
arm-none-eabi-gcc.exe -I. -I./Generated_Source/PSoC4 -Wno-main -mcpu=cortex-m0 -mthumb -Wall -g -D DEBUG -Wa,-alh=.\CortexM0\ARM_GCC_473\Debug\SPI_SPI_UART.lst -ffunction-sections -c .\Generated_Source\PSoC4\SPI_SPI_UART.c -o .\CortexM0\ARM_GCC_473\Debug\SPI_SPI_UART.o
arm-none-eabi-gcc.exe -I. -I./Generated_Source/PSoC4 -Wno-main -mcpu=cortex-m0 -mthumb -Wall -g -D DEBUG -Wa,-alh=.\CortexM0\ARM_GCC_473\Debug\SPI_PM.lst -ffunction-sections -c .\Generated_Source\PSoC4\SPI_PM.c -o .\CortexM0\ARM_GCC_473\Debug\SPI_PM.o
arm-none-eabi-gcc.exe -I. -I./Generated_Source/PSoC4 -Wno-main -mcpu=cortex-m0 -mthumb -Wall -g -D DEBUG -Wa,-alh=.\CortexM0\ARM_GCC_473\Debug\SPI_SPI.lst -ffunction-sections -c .\Generated_Source\PSoC4\SPI_SPI.c -o .\CortexM0\ARM_GCC_473\Debug\SPI_SPI.o
arm-none-eabi-gcc.exe -I. -I./Generated_Source/PSoC4 -Wno-main -mcpu=cortex-m0 -mthumb -Wall -g -D DEBUG -Wa,-alh=.\CortexM0\ARM_GCC_473\Debug\SPI_BOOT.lst -ffunction-sections -c .\Generated_Source\PSoC4\SPI_BOOT.c -o .\CortexM0\ARM_GCC_473\Debug\SPI_BOOT.o
arm-none-eabi-gcc.exe -I. -I./Generated_Source/PSoC4 -Wno-main -mcpu=cortex-m0 -mthumb -Wall -g -D DEBUG -Wa,-alh=.\CortexM0\ARM_GCC_473\Debug\SPI_SPI_BOOT.lst -ffunction-sections -c .\Generated_Source\PSoC4\SPI_SPI_BOOT.c -o .\CortexM0\ARM_GCC_473\Debug\SPI_SPI_BOOT.o
arm-none-eabi-gcc.exe -I. -I./Generated_Source/PSoC4 -Wno-main -mcpu=cortex-m0 -mthumb -Wall -g -D DEBUG -Wa,-alh=.\CortexM0\ARM_GCC_473\Debug\UART.lst -ffunction-sections -c .\Generated_Source\PSoC4\UART.c -o .\CortexM0\ARM_GCC_473\Debug\UART.o
arm-none-eabi-gcc.exe -I. -I./Generated_Source/PSoC4 -Wno-main -mcpu=cortex-m0 -mthumb -Wall -g -D DEBUG -Wa,-alh=.\CortexM0\ARM_GCC_473\Debug\UART_SPI_UART.lst -ffunction-sections -c .\Generated_Source\PSoC4\UART_SPI_UART.c -o .\CortexM0\ARM_GCC_473\Debug\UART_SPI_UART.o
arm-none-eabi-gcc.exe -I. -I./Generated_Source/PSoC4 -Wno-main -mcpu=cortex-m0 -mthumb -Wall -g -D DEBUG -Wa,-alh=.\CortexM0\ARM_GCC_473\Debug\UART_SPI_UART_INT.lst -ffunction-sections -c .\Generated_Source\PSoC4\UART_SPI_UART_INT.c -o .\CortexM0\ARM_GCC_473\Debug\UART_SPI_UART_INT.o
arm-none-eabi-gcc.exe -I. -I./Generated_Source/PSoC4 -Wno-main -mcpu=cortex-m0 -mthumb -Wall -g -D DEBUG -Wa,-alh=.\CortexM0\ARM_GCC_473\Debug\UART_PM.lst -ffunction-sections -c .\Generated_Source\PSoC4\UART_PM.c -o .\CortexM0\ARM_GCC_473\Debug\UART_PM.o
arm-none-eabi-gcc.exe -I. -I./Generated_Source/PSoC4 -Wno-main -mcpu=cortex-m0 -mthumb -Wall -g -D DEBUG -Wa,-alh=.\CortexM0\ARM_GCC_473\Debug\UART_UART.lst -ffunction-sections -c .\Generated_Source\PSoC4\UART_UART.c -o .\CortexM0\ARM_GCC_473\Debug\UART_UART.o
arm-none-eabi-gcc.exe -I. -I./Generated_Source/PSoC4 -Wno-main -mcpu=cortex-m0 -mthumb -Wall -g -D DEBUG -Wa,-alh=.\CortexM0\ARM_GCC_473\Debug\UART_BOOT.lst -ffunction-sections -c .\Generated_Source\PSoC4\UART_BOOT.c -o .\CortexM0\ARM_GCC_473\Debug\UART_BOOT.o
arm-none-eabi-gcc.exe -I. -I./Generated_Source/PSoC4 -Wno-main -mcpu=cortex-m0 -mthumb -Wall -g -D DEBUG -Wa,-alh=.\CortexM0\ARM_GCC_473\Debug\UART_UART_BOOT.lst -ffunction-sections -c .\Generated_Source\PSoC4\UART_UART_BOOT.c -o .\CortexM0\ARM_GCC_473\Debug\UART_UART_BOOT.o
arm-none-eabi-gcc.exe -I. -I./Generated_Source/PSoC4 -Wno-main -mcpu=cortex-m0 -mthumb -Wall -g -D DEBUG -Wa,-alh=.\CortexM0\ARM_GCC_473\Debug\isr_SPI.lst -ffunction-sections -c .\Generated_Source\PSoC4\isr_SPI.c -o .\CortexM0\ARM_GCC_473\Debug\isr_SPI.o
arm-none-eabi-gcc.exe -I. -I./Generated_Source/PSoC4 -Wno-main -mcpu=cortex-m0 -mthumb -Wall -g -D DEBUG -Wa,-alh=.\CortexM0\ARM_GCC_473\Debug\isr_UART.lst -ffunction-sections -c .\Generated_Source\PSoC4\isr_UART.c -o .\CortexM0\ARM_GCC_473\Debug\isr_UART.o
arm-none-eabi-gcc.exe -I. -I./Generated_Source/PSoC4 -Wno-main -mcpu=cortex-m0 -mthumb -Wall -g -D DEBUG -Wa,-alh=.\CortexM0\ARM_GCC_473\Debug\SPI_ss_s.lst -ffunction-sections -c .\Generated_Source\PSoC4\SPI_ss_s.c -o .\CortexM0\ARM_GCC_473\Debug\SPI_ss_s.o
arm-none-eabi-gcc.exe -I. -I./Generated_Source/PSoC4 -Wno-main -mcpu=cortex-m0 -mthumb -Wall -g -D DEBUG -Wa,-alh=.\CortexM0\ARM_GCC_473\Debug\SPI_miso_s.lst -ffunction-sections -c .\Generated_Source\PSoC4\SPI_miso_s.c -o .\CortexM0\ARM_GCC_473\Debug\SPI_miso_s.o
arm-none-eabi-gcc.exe -I. -I./Generated_Source/PSoC4 -Wno-main -mcpu=cortex-m0 -mthumb -Wall -g -D DEBUG -Wa,-alh=.\CortexM0\ARM_GCC_473\Debug\SPI_sclk_s.lst -ffunction-sections -c .\Generated_Source\PSoC4\SPI_sclk_s.c -o .\CortexM0\ARM_GCC_473\Debug\SPI_sclk_s.o
arm-none-eabi-gcc.exe -I. -I./Generated_Source/PSoC4 -Wno-main -mcpu=cortex-m0 -mthumb -Wall -g -D DEBUG -Wa,-alh=.\CortexM0\ARM_GCC_473\Debug\SPI_mosi_s.lst -ffunction-sections -c .\Generated_Source\PSoC4\SPI_mosi_s.c -o .\CortexM0\ARM_GCC_473\Debug\SPI_mosi_s.o
arm-none-eabi-gcc.exe -I. -I./Generated_Source/PSoC4 -Wno-main -mcpu=cortex-m0 -mthumb -Wall -g -D DEBUG -Wa,-alh=.\CortexM0\ARM_GCC_473\Debug\UART_tx.lst -ffunction-sections -c .\Generated_Source\PSoC4\UART_tx.c -o .\CortexM0\ARM_GCC_473\Debug\UART_tx.o
arm-none-eabi-gcc.exe -I. -I./Generated_Source/PSoC4 -Wno-main -mcpu=cortex-m0 -mthumb -Wall -g -D DEBUG -Wa,-alh=.\CortexM0\ARM_GCC_473\Debug\UART_rx.lst -ffunction-sections -c .\Generated_Source\PSoC4\UART_rx.c -o .\CortexM0\ARM_GCC_473\Debug\UART_rx.o
arm-none-eabi-gcc.exe -I. -I./Generated_Source/PSoC4 -Wno-main -mcpu=cortex-m0 -mthumb -Wall -g -D DEBUG -Wa,-alh=.\CortexM0\ARM_GCC_473\Debug\Cm0Start.lst -ffunction-sections -c .\Generated_Source\PSoC4\Cm0Start.c -o .\CortexM0\ARM_GCC_473\Debug\Cm0Start.o
arm-none-eabi-as.exe -I. -I./Generated_Source/PSoC4 -mcpu=cortex-m0 -mthumb -g -alh=.\CortexM0\ARM_GCC_473\Debug/CyBootAsmGnu.lst -o .\CortexM0\ARM_GCC_473\Debug\CyBootAsmGnu.o .\Generated_Source\PSoC4\CyBootAsmGnu.s
arm-none-eabi-gcc.exe -I. -I./Generated_Source/PSoC4 -Wno-main -mcpu=cortex-m0 -mthumb -Wall -g -D DEBUG -Wa,-alh=.\CortexM0\ARM_GCC_473\Debug\CyFlash.lst -ffunction-sections -c .\Generated_Source\PSoC4\CyFlash.c -o .\CortexM0\ARM_GCC_473\Debug\CyFlash.o
arm-none-eabi-gcc.exe -I. -I./Generated_Source/PSoC4 -Wno-main -mcpu=cortex-m0 -mthumb -Wall -g -D DEBUG -Wa,-alh=.\CortexM0\ARM_GCC_473\Debug\CyLib.lst -ffunction-sections -c .\Generated_Source\PSoC4\CyLib.c -o .\CortexM0\ARM_GCC_473\Debug\CyLib.o
arm-none-eabi-gcc.exe -I. -I./Generated_Source/PSoC4 -Wno-main -mcpu=cortex-m0 -mthumb -Wall -g -D DEBUG -Wa,-alh=.\CortexM0\ARM_GCC_473\Debug\cyPm.lst -ffunction-sections -c .\Generated_Source\PSoC4\cyPm.c -o .\CortexM0\ARM_GCC_473\Debug\cyPm.o
arm-none-eabi-gcc.exe -I. -I./Generated_Source/PSoC4 -Wno-main -mcpu=cortex-m0 -mthumb -Wall -g -D DEBUG -Wa,-alh=.\CortexM0\ARM_GCC_473\Debug\cyutils.lst -ffunction-sections -c .\Generated_Source\PSoC4\cyutils.c -o .\CortexM0\ARM_GCC_473\Debug\cyutils.o
arm-none-eabi-ar.exe -rs .\CortexM0\ARM_GCC_473\Debug\main.a .\CortexM0\ARM_GCC_473\Debug\cyfitter_cfg.o .\CortexM0\ARM_GCC_473\Debug\Bootloadable.o .\CortexM0\ARM_GCC_473\Debug\SPI.o .\CortexM0\ARM_GCC_473\Debug\SPI_SPI_UART.o .\CortexM0\ARM_GCC_473\Debug\SPI_PM.o .\CortexM0\ARM_GCC_473\Debug\SPI_SPI.o .\CortexM0\ARM_GCC_473\Debug\SPI_BOOT.o .\CortexM0\ARM_GCC_473\Debug\SPI_SPI_BOOT.o .\CortexM0\ARM_GCC_473\Debug\UART.o .\CortexM0\ARM_GCC_473\Debug\UART_SPI_UART.o .\CortexM0\ARM_GCC_473\Debug\UART_SPI_UART_INT.o .\CortexM0\ARM_GCC_473\Debug\UART_PM.o .\CortexM0\ARM_GCC_473\Debug\UART_UART.o .\CortexM0\ARM_GCC_473\Debug\UART_BOOT.o .\CortexM0\ARM_GCC_473\Debug\UART_UART_BOOT.o .\CortexM0\ARM_GCC_473\Debug\isr_SPI.o .\CortexM0\ARM_GCC_473\Debug\isr_UART.o .\CortexM0\ARM_GCC_473\Debug\SPI_ss_s.o .\CortexM0\ARM_GCC_473\Debug\SPI_miso_s.o .\CortexM0\ARM_GCC_473\Debug\SPI_sclk_s.o .\CortexM0\ARM_GCC_473\Debug\SPI_mosi_s.o .\CortexM0\ARM_GCC_473\Debug\UART_tx.o .\CortexM0\ARM_GCC_473\Debug\UART_rx.o .\CortexM0\ARM_GCC_473\Debug\CyBootAsmGnu.o .\CortexM0\ARM_GCC_473\Debug\CyFlash.o .\CortexM0\ARM_GCC_473\Debug\CyLib.o .\CortexM0\ARM_GCC_473\Debug\cyPm.o .\CortexM0\ARM_GCC_473\Debug\cyutils.o
arm-none-eabi-ar.exe: creating .\CortexM0\ARM_GCC_473\Debug\main.a
arm-none-eabi-gcc.exe -mthumb -march=armv6-m -T .\Generated_Source\PSoC4\cm0gcc.ld -g -Wl,-Map,.\CortexM0\ARM_GCC_473\Debug\main.map -specs=nano.specs -Wl,--gc-sections -Wl,--start-group -o .\CortexM0\ARM_GCC_473\Debug\main.elf .\CortexM0\ARM_GCC_473\Debug\main.o .\CortexM0\ARM_GCC_473\Debug\cybootloader.o .\CortexM0\ARM_GCC_473\Debug\cymetadata.o .\CortexM0\ARM_GCC_473\Debug\Cm0Start.o .\CortexM0\ARM_GCC_473\Debug\main.a "C:\Program Files (x86)\Cypress\PSoC Creator\3.0\PSoC Creator\psoc\content\cycomponentlibrary\CyComponentLibrary.cylib\CortexM0\ARM_GCC_473\Debug\CyComponentLibrary.a" -Wl,--end-group
cyelftool.exe -B C:\Users\prd005\Documents\GitHub\integrated-robotics-lab-core\MotorDriver\OverDriveAdvanced\main.cydsn\CortexM0\ARM_GCC_473\Debug\main.elf --flash_row_size 128 --flash_size 32768 --flash_array_size 32768
cyelftool.exe -S C:\Users\prd005\Documents\GitHub\integrated-robotics-lab-core\MotorDriver\OverDriveAdvanced\main.cydsn\CortexM0\ARM_GCC_473\Debug\main.elf
Flash used: 5390 of 32768 bytes (16.4 %).
SRAM used: 1536 of 4096 bytes (37.5 %).
--------------- Build Succeeded: 10/31/2014 12:05:03 ---------------
