Loading plugins phase: Elapsed time ==> 0s.564ms
Initializing data phase: Elapsed time ==> 5s.020ms
<CYPRESSTAG name="CyDsfit arguments...">
cydsfit arguments: -.fdsnotice -.fdswarpdepfile=warp_dependencies.txt -.fdselabdepfile=elab_dependencies.txt -.fdsbldfile=generated_files.txt -p C:\Users\prd005\Documents\GitHub\integrated-robotics-lab-core\MotorDriver\OverDriveAdvanced\main.cydsn\main.cyprj -d CY8C4245AXI-483 -s C:\Users\prd005\Documents\GitHub\integrated-robotics-lab-core\MotorDriver\OverDriveAdvanced\main.cydsn\Generated_Source\PSoC4 -- -yv2 -v3 -ygs -q10 -o2 -.fftcfgtype=LE</CYPRESSTAG>
<CYPRESSTAG name="Design elaboration results...">
</CYPRESSTAG>
Elaboration phase: Elapsed time ==> 7s.180ms
<CYPRESSTAG name="HDL generation results...">
</CYPRESSTAG>
HDL generation phase: Elapsed time ==> 0s.075ms
<CYPRESSTAG name="Synthesis results...">

     | | | | | | |
   _________________
  -|               |-
  -|               |-
  -|               |-
  -|    CYPRESS    |-
  -|               |-
  -|               |-   Warp Verilog Synthesis Compiler: Version 6.3 IR 41
  -|               |-   Copyright (C) 1991-2001 Cypress Semiconductor
   |_______________|
     | | | | | | |

======================================================================
Compiling:  main.v
Program  :   C:\Program Files (x86)\Cypress\PSoC Creator\3.0\PSoC Creator\warp\bin/warp.exe
Options  :    -yv2 -v3 -ygs -q10 -o2 -.fftcfgtype=LE -ya -.fftprj=C:\Users\prd005\Documents\GitHub\integrated-robotics-lab-core\MotorDriver\OverDriveAdvanced\main.cydsn\main.cyprj -dcpsoc3 main.v -verilog
======================================================================

======================================================================
Compiling:  main.v
Program  :   C:\Program Files (x86)\Cypress\PSoC Creator\3.0\PSoC Creator\warp\bin/warp.exe
Options  :    -yv2 -v3 -ygs -q10 -o2 -.fftcfgtype=LE -ya -.fftprj=C:\Users\prd005\Documents\GitHub\integrated-robotics-lab-core\MotorDriver\OverDriveAdvanced\main.cydsn\main.cyprj -dcpsoc3 main.v -verilog
======================================================================

======================================================================
Compiling:  main.v
Program  :   vlogfe
Options  :    -yv2 -v3 -ygs -q10 -o2 -.fftcfgtype=LE -ya -.fftprj=C:\Users\prd005\Documents\GitHub\integrated-robotics-lab-core\MotorDriver\OverDriveAdvanced\main.cydsn\main.cyprj -dcpsoc3 -verilog main.v
======================================================================

vlogfe V6.3 IR 41:  Verilog parser
Fri Oct 31 12:04:41 2014


======================================================================
Compiling:  main.v
Program  :   vpp
Options  :    -yv2 -q10 main.v
======================================================================

vpp V6.3 IR 41:  Verilog Pre-Processor
Fri Oct 31 12:04:41 2014

Flattening file 'C:\Program Files (x86)\Cypress\PSoC Creator\3.0\PSoC Creator\warp\..\psoc\content\cyprimitives\CyPrimitives.cylib\ZeroTerminal\ZeroTerminal.v'
Flattening file 'C:\Program Files (x86)\Cypress\PSoC Creator\3.0\PSoC Creator\warp\..\psoc\content\cyprimitives\CyPrimitives.cylib\cy_virtualmux_v1_0\cy_virtualmux_v1_0.v'
Flattening file 'C:\Program Files (x86)\Cypress\PSoC Creator\3.0\PSoC Creator\warp\..\psoc\content\cyprimitives\CyPrimitives.cylib\or_v1_0\or_v1_0.v'

vpp:  No errors.

Library 'work' => directory 'lcpsoc3'
General_symbol_table
General_symbol_table
Linking 'C:\Program Files (x86)\Cypress\PSoC Creator\3.0\PSoC Creator\warp\lib\common\std.vhd'.
Linking 'C:\Program Files (x86)\Cypress\PSoC Creator\3.0\PSoC Creator\warp\lib\common\cypress.vhd'.
Linking 'C:\Program Files (x86)\Cypress\PSoC Creator\3.0\PSoC Creator\warp\lib\common\work\cypress.vif'.
Linking 'C:\Program Files (x86)\Cypress\PSoC Creator\3.0\PSoC Creator\warp\lib\ieee\work\stdlogic.vif'.
Linking 'C:\Program Files (x86)\Cypress\PSoC Creator\3.0\PSoC Creator\warp\lib\common\stdlogic\lpmpkg.vif'.
Linking 'C:\Program Files (x86)\Cypress\PSoC Creator\3.0\PSoC Creator\warp\lib\common\stdlogic\rtlpkg.vif'.
Linking 'C:\Program Files (x86)\Cypress\PSoC Creator\3.0\PSoC Creator\warp\lib\common\stdlogic\mod_cnst.vif'.
Linking 'C:\Program Files (x86)\Cypress\PSoC Creator\3.0\PSoC Creator\warp\lib\common\stdlogic\mod_mthv.vif'.
Linking 'C:\Program Files (x86)\Cypress\PSoC Creator\3.0\PSoC Creator\warp\lib\common\stdlogic\mod_genv.vif'.
Using control file 'main.ctl'.

vlogfe:  No errors.


======================================================================
Compiling:  main.v
Program  :   tovif
Options  :    -yv2 -v3 -ygs -q10 -o2 -.fftcfgtype=LE -ya -.fftprj=C:\Users\prd005\Documents\GitHub\integrated-robotics-lab-core\MotorDriver\OverDriveAdvanced\main.cydsn\main.cyprj -dcpsoc3 -verilog main.v
======================================================================

tovif V6.3 IR 41:  High-level synthesis
Fri Oct 31 12:04:41 2014

Linking 'C:\Program Files (x86)\Cypress\PSoC Creator\3.0\PSoC Creator\warp\lib\common\std.vhd'.
Linking 'C:\Program Files (x86)\Cypress\PSoC Creator\3.0\PSoC Creator\warp\lib\common\cypress.vhd'.
Linking 'C:\Program Files (x86)\Cypress\PSoC Creator\3.0\PSoC Creator\warp\lib\common\work\cypress.vif'.
Linking 'C:\Program Files (x86)\Cypress\PSoC Creator\3.0\PSoC Creator\warp\lib\ieee\work\stdlogic.vif'.
Linking 'C:\Program Files (x86)\Cypress\PSoC Creator\3.0\PSoC Creator\warp\lib\common\stdlogic\lpmpkg.vif'.
Linking 'C:\Program Files (x86)\Cypress\PSoC Creator\3.0\PSoC Creator\warp\lib\common\stdlogic\rtlpkg.vif'.
Linking 'C:\Program Files (x86)\Cypress\PSoC Creator\3.0\PSoC Creator\warp\lib\common\stdlogic\mod_cnst.vif'.
Linking 'C:\Program Files (x86)\Cypress\PSoC Creator\3.0\PSoC Creator\warp\lib\common\stdlogic\mod_mthv.vif'.
Linking 'C:\Program Files (x86)\Cypress\PSoC Creator\3.0\PSoC Creator\warp\lib\common\stdlogic\mod_genv.vif'.
Linking 'C:\Users\prd005\Documents\GitHub\integrated-robotics-lab-core\MotorDriver\OverDriveAdvanced\main.cydsn\codegentemp\main.ctl'.
Linking 'C:\Program Files (x86)\Cypress\PSoC Creator\3.0\PSoC Creator\psoc\content\cyprimitives\CyPrimitives.cylib\ZeroTerminal\ZeroTerminal.v'.
Linking 'C:\Users\prd005\Documents\GitHub\integrated-robotics-lab-core\MotorDriver\OverDriveAdvanced\main.cydsn\codegentemp\main.v'.
Linking 'C:\Program Files (x86)\Cypress\PSoC Creator\3.0\PSoC Creator\psoc\content\cyprimitives\CyPrimitives.cylib\cy_virtualmux_v1_0\cy_virtualmux_v1_0.v'.
Linking 'C:\Program Files (x86)\Cypress\PSoC Creator\3.0\PSoC Creator\psoc\content\cyprimitives\CyPrimitives.cylib\or_v1_0\or_v1_0.v'.

tovif:  No errors.


======================================================================
Compiling:  main.v
Program  :   topld
Options  :    -yv2 -v3 -ygs -q10 -o2 -.fftcfgtype=LE -ya -.fftprj=C:\Users\prd005\Documents\GitHub\integrated-robotics-lab-core\MotorDriver\OverDriveAdvanced\main.cydsn\main.cyprj -dcpsoc3 -verilog main.v
======================================================================

topld V6.3 IR 41:  Synthesis and optimization
Fri Oct 31 12:04:41 2014

Linking 'C:\Program Files (x86)\Cypress\PSoC Creator\3.0\PSoC Creator\warp\lib\common\std.vhd'.
Linking 'C:\Program Files (x86)\Cypress\PSoC Creator\3.0\PSoC Creator\warp\lib\common\cypress.vhd'.
Linking 'C:\Program Files (x86)\Cypress\PSoC Creator\3.0\PSoC Creator\warp\lib\common\work\cypress.vif'.
Linking 'C:\Program Files (x86)\Cypress\PSoC Creator\3.0\PSoC Creator\warp\lib\ieee\work\stdlogic.vif'.
Linking 'C:\Program Files (x86)\Cypress\PSoC Creator\3.0\PSoC Creator\warp\lib\common\stdlogic\lpmpkg.vif'.
Linking 'C:\Program Files (x86)\Cypress\PSoC Creator\3.0\PSoC Creator\warp\lib\common\stdlogic\rtlpkg.vif'.
Linking 'C:\Program Files (x86)\Cypress\PSoC Creator\3.0\PSoC Creator\warp\lib\common\stdlogic\mod_cnst.vif'.
Linking 'C:\Program Files (x86)\Cypress\PSoC Creator\3.0\PSoC Creator\warp\lib\common\stdlogic\mod_mthv.vif'.
Linking 'C:\Program Files (x86)\Cypress\PSoC Creator\3.0\PSoC Creator\warp\lib\common\stdlogic\mod_genv.vif'.
Linking 'C:\Users\prd005\Documents\GitHub\integrated-robotics-lab-core\MotorDriver\OverDriveAdvanced\main.cydsn\codegentemp\main.ctl'.
Linking 'C:\Program Files (x86)\Cypress\PSoC Creator\3.0\PSoC Creator\psoc\content\cyprimitives\CyPrimitives.cylib\ZeroTerminal\ZeroTerminal.v'.
Linking 'C:\Users\prd005\Documents\GitHub\integrated-robotics-lab-core\MotorDriver\OverDriveAdvanced\main.cydsn\codegentemp\main.v'.
Linking 'C:\Program Files (x86)\Cypress\PSoC Creator\3.0\PSoC Creator\psoc\content\cyprimitives\CyPrimitives.cylib\cy_virtualmux_v1_0\cy_virtualmux_v1_0.v'.
Linking 'C:\Program Files (x86)\Cypress\PSoC Creator\3.0\PSoC Creator\psoc\content\cyprimitives\CyPrimitives.cylib\or_v1_0\or_v1_0.v'.
Linking 'C:\Program Files (x86)\Cypress\PSoC Creator\3.0\PSoC Creator\warp\lib\lcpsoc3\stdlogic\cpsoc3.vif'.

----------------------------------------------------------
Detecting unused logic.
----------------------------------------------------------
    User names
	\SPI:Net_459\
	\SPI:Net_676\
	\SPI:Net_416\
	\SPI:Net_682\
	\SPI:Net_427\
	Net_1
	\UART:Net_452\
	\UART:Net_682\
	\UART:Net_427\
	Net_3


Deleted 10 User equations/components.
Deleted 0 Synthesized equations/components.

------------------------------------------------------
Alias Detection
------------------------------------------------------
Aliasing one to \SPI:tmpOE__ss_s_net_0\
Aliasing \SPI:Net_452\ to zero
Aliasing \SPI:Net_245\ to zero
Aliasing \SPI:tmpOE__miso_s_net_0\ to \SPI:tmpOE__ss_s_net_0\
Aliasing \SPI:tmpOE__sclk_s_net_0\ to \SPI:tmpOE__ss_s_net_0\
Aliasing \SPI:tmpOE__mosi_s_net_0\ to \SPI:tmpOE__ss_s_net_0\
Aliasing \UART:Net_459\ to zero
Aliasing \UART:Net_676\ to zero
Aliasing \UART:Net_245\ to zero
Aliasing \UART:Net_416\ to zero
Aliasing \UART:tmpOE__tx_net_0\ to \SPI:tmpOE__ss_s_net_0\
Aliasing \UART:tmpOE__rx_net_0\ to \SPI:tmpOE__ss_s_net_0\
Removing Rhs of wire one[9] = \SPI:tmpOE__ss_s_net_0\[4]
Removing Lhs of wire \SPI:Net_652\[11] = \SPI:Net_458\[6]
Removing Lhs of wire \SPI:Net_452\[12] = zero[5]
Removing Lhs of wire \SPI:Net_245\[14] = zero[5]
Removing Lhs of wire \SPI:Net_654\[16] = zero[5]
Removing Lhs of wire \SPI:Net_655\[19] = \SPI:Net_284\[1]
Removing Rhs of wire \SPI:Net_653\[20] = \SPI:Net_387\[21]
Removing Rhs of wire \SPI:Net_651\[22] = \SPI:Net_252\[23]
Removing Lhs of wire \SPI:Net_663\[24] = zero[5]
Removing Lhs of wire \SPI:tmpOE__miso_s_net_0\[26] = one[9]
Removing Lhs of wire \SPI:tmpOE__sclk_s_net_0\[35] = one[9]
Removing Lhs of wire \SPI:tmpOE__mosi_s_net_0\[40] = one[9]
Removing Lhs of wire \UART:Net_459\[57] = zero[5]
Removing Lhs of wire \UART:Net_652\[58] = zero[5]
Removing Lhs of wire \UART:Net_676\[60] = zero[5]
Removing Lhs of wire \UART:Net_245\[61] = zero[5]
Removing Lhs of wire \UART:Net_416\[62] = zero[5]
Removing Rhs of wire \UART:Net_654\[63] = \UART:Net_379\[64]
Removing Lhs of wire \UART:Net_655\[67] = \UART:Net_284\[56]
Removing Lhs of wire \UART:Net_653\[68] = zero[5]
Removing Lhs of wire \UART:Net_651\[69] = zero[5]
Removing Lhs of wire \UART:Net_663\[70] = zero[5]
Removing Lhs of wire \UART:tmpOE__tx_net_0\[72] = one[9]
Removing Lhs of wire \UART:tmpOE__rx_net_0\[81] = one[9]

------------------------------------------------------
Aliased 0 equations, 24 wires.
------------------------------------------------------

----------------------------------------------------------
Circuit simplification
----------------------------------------------------------

Substituting virtuals - pass 1:


----------------------------------------------------------
Circuit simplification results:

	Expanded 0 signals.
	Turned 0 signals into soft nodes.
	Maximum default expansion cost was set at 3.
----------------------------------------------------------

topld:  No errors.

CYPRESS_DIR    : C:\Program Files (x86)\Cypress\PSoC Creator\3.0\PSoC Creator\warp
Warp Program   : C:\Program Files (x86)\Cypress\PSoC Creator\3.0\PSoC Creator\warp\bin/warp.exe
Warp Arguments : -yv2 -v3 -ygs -q10 -o2 -.fftcfgtype=LE -ya -.fftprj=C:\Users\prd005\Documents\GitHub\integrated-robotics-lab-core\MotorDriver\OverDriveAdvanced\main.cydsn\main.cyprj -dcpsoc3 main.v -verilog
</CYPRESSTAG>
Warp synthesis phase: Elapsed time ==> 0s.589ms
<CYPRESSTAG name="Fitter results...">
<CYPRESSTAG name="Fitter startup details...">
cyp3fit: V3.0.0.3023, Family: PSoC3, Started at: Friday, 31 October 2014 12:04:42
Options: -yv2 -v3 -ygs -q10 -o2 -.fftcfgtype=LE -ya -.fftprj=C:\Users\prd005\Documents\GitHub\integrated-robotics-lab-core\MotorDriver\OverDriveAdvanced\main.cydsn\main.cyprj -d CY8C4245AXI-483 main.v -verilog
</CYPRESSTAG>
<CYPRESSTAG name="Design parsing">
Design parsing phase: Elapsed time ==> 0s.012ms
</CYPRESSTAG>
<CYPRESSTAG name="Tech mapping">
<CYPRESSTAG name="Initial Mapping" icon="FILE_RPT_TECHM">
<CYPRESSTAG name="Global Clock Selection" icon="FILE_RPT_TECHM">
    Fixed Function Clock 2: Automatic-assigning  clock 'SPI_SCBCLK'. Signal=\SPI:Net_284_ff2\
    Fixed Function Clock 3: Automatic-assigning  clock 'UART_SCBCLK'. Signal=\UART:Net_284_ff3\
<CYPRESSTAG name="UDB Clock/Enable Remapping Results">
</CYPRESSTAG>
</CYPRESSTAG>
ADD: pft.M0040: information: The following 6 pin(s) will be assigned a location by the fitter: \SPI:miso_s(0)\, \SPI:mosi_s(0)\, \SPI:sclk_s(0)\, \SPI:ss_s(0)\, \UART:rx(0)\, \UART:tx(0)\


Removing unused cells resulting from optimization
    Removed unused cell/equation '__ZERO__:macrocell'
Done removing unused cells.
<CYPRESSTAG name="Duplicate Macrocell detection">
</CYPRESSTAG>
</CYPRESSTAG>
<CYPRESSTAG name="Duplicate Macrocell detection">
</CYPRESSTAG>
<CYPRESSTAG name="Design Equations" icon="FILE_RPT_EQUATION">

------------------------------------------------------------
Design Equations
------------------------------------------------------------
    <CYPRESSTAG name="Pin listing">

    ------------------------------------------------------------
    Pin listing
    ------------------------------------------------------------

    Pin : Name = \SPI:miso_s(0)\
        Attributes:
            In Group/Port: True
            In Sync Option: NOSYNC
            Out Sync Option: NOSYNC
            Interrupt generated: False
            Interrupt mode: NONE
            Drive mode: CMOS_OUT
            VTrip: CMOS
            Slew: FAST
            Input Sync needed: False
            Output Sync needed: False
            SC shield enabled: False
            POR State: ANY
            LCD Mode: COMMON
            Register Mode: RegComb
            CaSense Mode: NEITHER
            Treat as pin: True
            Is OE Registered: False
            Uses Analog: False
            Can contain Digital: True
            Is SIO: False
            SIO Output Buf: NONREGULATED
            SIO Input Buf: SINGLE_ENDED
            SIO HiFreq: LOW
            SIO Hyst: DISABLED
            SIO Vtrip: MULTIPLIER_0_5
            SIO RefSel: VCC_IO
            Required Capabilitites: DIGITAL, SPI_MISO
            Initial Value: 1
            IO Voltage: 0
        PORT MAP (
            pa_out => \SPI:miso_s(0)\__PA ,
            input => \SPI:Net_703\ ,
            pad => \SPI:miso_s(0)_PAD\ );

    Pin : Name = \SPI:mosi_s(0)\
        Attributes:
            In Group/Port: True
            In Sync Option: NOSYNC
            Out Sync Option: AUTO
            Interrupt generated: False
            Interrupt mode: NONE
            Drive mode: HI_Z_DIGITAL
            VTrip: CMOS
            Slew: FAST
            Input Sync needed: False
            Output Sync needed: False
            SC shield enabled: False
            POR State: ANY
            LCD Mode: COMMON
            Register Mode: RegComb
            CaSense Mode: NEITHER
            Treat as pin: True
            Is OE Registered: False
            Uses Analog: False
            Can contain Digital: True
            Is SIO: False
            SIO Output Buf: NONREGULATED
            SIO Input Buf: SINGLE_ENDED
            SIO HiFreq: LOW
            SIO Hyst: DISABLED
            SIO Vtrip: MULTIPLIER_0_5
            SIO RefSel: VCC_IO
            Required Capabilitites: DIGITAL, SPI_MOSI
            Initial Value: 0
            IO Voltage: 0
        PORT MAP (
            pa_out => \SPI:mosi_s(0)\__PA ,
            fb => \SPI:Net_651\ ,
            pad => \SPI:mosi_s(0)_PAD\ );

    Pin : Name = \SPI:sclk_s(0)\
        Attributes:
            In Group/Port: True
            In Sync Option: NOSYNC
            Out Sync Option: AUTO
            Interrupt generated: False
            Interrupt mode: NONE
            Drive mode: HI_Z_DIGITAL
            VTrip: CMOS
            Slew: FAST
            Input Sync needed: False
            Output Sync needed: False
            SC shield enabled: False
            POR State: ANY
            LCD Mode: COMMON
            Register Mode: RegComb
            CaSense Mode: NEITHER
            Treat as pin: True
            Is OE Registered: False
            Uses Analog: False
            Can contain Digital: True
            Is SIO: False
            SIO Output Buf: NONREGULATED
            SIO Input Buf: SINGLE_ENDED
            SIO HiFreq: LOW
            SIO Hyst: DISABLED
            SIO Vtrip: MULTIPLIER_0_5
            SIO RefSel: VCC_IO
            Required Capabilitites: DIGITAL, SPI_SCLK
            Initial Value: 0
            IO Voltage: 0
        PORT MAP (
            pa_out => \SPI:sclk_s(0)\__PA ,
            fb => \SPI:Net_653\ ,
            pad => \SPI:sclk_s(0)_PAD\ );

    Pin : Name = \SPI:ss_s(0)\
        Attributes:
            In Group/Port: True
            In Sync Option: NOSYNC
            Out Sync Option: AUTO
            Interrupt generated: False
            Interrupt mode: NONE
            Drive mode: HI_Z_DIGITAL
            VTrip: CMOS
            Slew: FAST
            Input Sync needed: False
            Output Sync needed: False
            SC shield enabled: False
            POR State: ANY
            LCD Mode: COMMON
            Register Mode: RegComb
            CaSense Mode: NEITHER
            Treat as pin: True
            Is OE Registered: False
            Uses Analog: False
            Can contain Digital: True
            Is SIO: False
            SIO Output Buf: NONREGULATED
            SIO Input Buf: SINGLE_ENDED
            SIO HiFreq: LOW
            SIO Hyst: DISABLED
            SIO Vtrip: MULTIPLIER_0_5
            SIO RefSel: VCC_IO
            Required Capabilitites: DIGITAL, SPI_SS
            Initial Value: 0
            IO Voltage: 0
        PORT MAP (
            pa_out => \SPI:ss_s(0)\__PA ,
            fb => \SPI:Net_458\ ,
            pad => \SPI:ss_s(0)_PAD\ );

    Pin : Name = \UART:rx(0)\
        Attributes:
            In Group/Port: True
            In Sync Option: NOSYNC
            Out Sync Option: AUTO
            Interrupt generated: False
            Interrupt mode: NONE
            Drive mode: HI_Z_DIGITAL
            VTrip: CMOS
            Slew: FAST
            Input Sync needed: False
            Output Sync needed: False
            SC shield enabled: False
            POR State: ANY
            LCD Mode: COMMON
            Register Mode: RegComb
            CaSense Mode: NEITHER
            Treat as pin: True
            Is OE Registered: False
            Uses Analog: False
            Can contain Digital: True
            Is SIO: False
            SIO Output Buf: NONREGULATED
            SIO Input Buf: SINGLE_ENDED
            SIO HiFreq: LOW
            SIO Hyst: DISABLED
            SIO Vtrip: MULTIPLIER_0_5
            SIO RefSel: VCC_IO
            Required Capabilitites: DIGITAL, SCB_UART_RX
            Initial Value: 0
            IO Voltage: 0
        PORT MAP (
            pa_out => \UART:rx(0)\__PA ,
            fb => \UART:Net_654\ ,
            pad => \UART:rx(0)_PAD\ );

    Pin : Name = \UART:tx(0)\
        Attributes:
            In Group/Port: True
            In Sync Option: NOSYNC
            Out Sync Option: NOSYNC
            Interrupt generated: False
            Interrupt mode: NONE
            Drive mode: CMOS_OUT
            VTrip: CMOS
            Slew: FAST
            Input Sync needed: False
            Output Sync needed: False
            SC shield enabled: False
            POR State: ANY
            LCD Mode: COMMON
            Register Mode: RegComb
            CaSense Mode: NEITHER
            Treat as pin: True
            Is OE Registered: False
            Uses Analog: False
            Can contain Digital: True
            Is SIO: False
            SIO Output Buf: NONREGULATED
            SIO Input Buf: SINGLE_ENDED
            SIO HiFreq: LOW
            SIO Hyst: DISABLED
            SIO Vtrip: MULTIPLIER_0_5
            SIO RefSel: VCC_IO
            Required Capabilitites: DIGITAL, SCB_UART_TX
            Initial Value: 1
            IO Voltage: 0
        PORT MAP (
            pa_out => \UART:tx(0)\__PA ,
            input => \UART:Net_656\ ,
            pad => \UART:tx(0)_PAD\ );
    </CYPRESSTAG>
    <CYPRESSTAG name="Macrocell listing" icon="FILE_RPT_EQUATION">
    </CYPRESSTAG>
    <CYPRESSTAG name="Datapath listing">
    </CYPRESSTAG>
    <CYPRESSTAG name="Status register listing">
    </CYPRESSTAG>
    <CYPRESSTAG name="StatusI register listing">
    </CYPRESSTAG>
    <CYPRESSTAG name="Sync listing">
    </CYPRESSTAG>
    <CYPRESSTAG name="Control register listing">
    </CYPRESSTAG>
    <CYPRESSTAG name="Count7 listing">
    </CYPRESSTAG>
    <CYPRESSTAG name="DRQ listing">
    </CYPRESSTAG>
    <CYPRESSTAG name="Interrupt listing">

    ------------------------------------------------------------
    Interrupt listing
    ------------------------------------------------------------

    interrupt: Name =isr_SPI
        PORT MAP (
            interrupt => Net_14 );
        Properties:
        {
            int_type = "10"
        }

    interrupt: Name =isr_UART
        PORT MAP (
            interrupt => Net_11 );
        Properties:
        {
            int_type = "10"
        }
    </CYPRESSTAG>
</CYPRESSTAG>
<CYPRESSTAG name="Technology mapping summary" expanded>

------------------------------------------------------------
Technology mapping summary
------------------------------------------------------------

Resource Type                 : Used : Free :  Max :  % Used
============================================================
Digital clock dividers        :    0 :    4 :    4 :   0.00%
Pins                          :    8 :   28 :   36 :  22.22%
UDB Macrocells                :    0 :   32 :   32 :   0.00%
UDB Unique Pterms             :    0 :   64 :   64 :   0.00%
UDB Datapath Cells            :    0 :    4 :    4 :   0.00%
UDB Status Cells              :    0 :    4 :    4 :   0.00%
UDB Control Cells             :    0 :    4 :    4 :   0.00%
Interrupts                    :    2 :   30 :   32 :   6.25%
Comparator/Opamp Fixed Blocks :    0 :    2 :    2 :   0.00%
SAR Fixed Blocks              :    0 :    1 :    1 :   0.00%
CSD Fixed Blocks              :    0 :    1 :    1 :   0.00%
CapSense Blocks               :    0 :    1 :    1 :   0.00%
8-bit CapSense IDACs          :    0 :    1 :    1 :   0.00%
7-bit CapSense IDACs          :    0 :    1 :    1 :   0.00%
Temperature Sensor            :    0 :    1 :    1 :   0.00%
Low Power Comparator          :    0 :    2 :    2 :   0.00%
TCPWM Blocks                  :    0 :    4 :    4 :   0.00%
Serial Communication Blocks   :    2 :    0 :    2 : 100.00%
Segment LCD Blocks            :    0 :    1 :    1 :   0.00%
</CYPRESSTAG>
Technology Mapping: Elapsed time ==> 0s.050ms
Info: mpr.M0037: Unused pieces of the design have been optimized out. See the Tech mapping section of the report file for details. (App=cydsfit)
Tech mapping phase: Elapsed time ==> 0s.072ms
</CYPRESSTAG>
<CYPRESSTAG name="Analog Placement">
<CYPRESSTAG name="Analog Placement">
Elapsed time ==> 0.0016234s
</CYPRESSTAG>
Analog Placement phase: Elapsed time ==> 0s.036ms
</CYPRESSTAG>
<CYPRESSTAG name="Analog Routing">
<CYPRESSTAG name="Analog Routing">
Route success=True, Iterations=1 Elapsed=0.0003365 secs
</CYPRESSTAG>
Analog Routing phase: Elapsed time ==> 0s.001ms
</CYPRESSTAG>
<CYPRESSTAG name="Analog Code Generation">
============ Analog Final Answer Routes ============
Dump of CyAnalogRoutingResultsDB
Map of net to items {
}
Map of item to net {
}
Mux Info {
}
Analog Code Generation phase: Elapsed time ==> 0s.154ms
</CYPRESSTAG>
<CYPRESSTAG name="Digital Placement">
<CYPRESSTAG name="Detailed placement messages">
I2659: No Constrained paths were found. The placer will run in non-timing driven mode.
I2076: Total run-time: 0.4 sec.

</CYPRESSTAG>
<CYPRESSTAG name="PLD Packing">
<CYPRESSTAG name="PLD Packing Summary">
No PLDs were packed.
</CYPRESSTAG>
PLD Packing: Elapsed time ==> 0s.000ms
</CYPRESSTAG>
<CYPRESSTAG name="Partitioning">
<CYPRESSTAG name="Initial Partitioning Summary">
Initial Partitioning Summary not displayed at this verbose level.</CYPRESSTAG>
<CYPRESSTAG name="Final Partitioning Summary">
Final Partitioning Summary not displayed at this verbose level.</CYPRESSTAG>
Partitioning: Elapsed time ==> 0s.013ms
</CYPRESSTAG>
<CYPRESSTAG name="Simulated Annealing">
Annealing: Elapsed time ==> 0s.002ms
<CYPRESSTAG name="Simulated Annealing Results">
The seed used for moves was 114161200.
Inital cost was 30, final cost is 30 (0.00% improvement).</CYPRESSTAG>
</CYPRESSTAG>
<CYPRESSTAG name="Final Placement Summary">

------------------------------------------------------------
Final Placement Summary
------------------------------------------------------------

       Resource Type :      Count : Avg Inputs : Avg Outputs
    ========================================================
                 UDB :          0 :       0.00 :       0.00
<CYPRESSTAG name="Final Placement Details">
<CYPRESSTAG name="Component Details">

------------------------------------------------------------
Component Placement Details
------------------------------------------------------------
UDB [UDB=(0,0)] is empty.
UDB [UDB=(0,1)] is empty.
UDB [UDB=(1,0)] is empty.
UDB [UDB=(1,1)] is empty.
Intr hod @ [IntrHod=(0)]: 
  Intr@ [IntrHod=(0)][IntrId=(10)] 
    interrupt: Name =isr_UART
        PORT MAP (
            interrupt => Net_11 );
        Properties:
        {
            int_type = "10"
        }
  Intr@ [IntrHod=(0)][IntrId=(11)] 
    interrupt: Name =isr_SPI
        PORT MAP (
            interrupt => Net_14 );
        Properties:
        {
            int_type = "10"
        }
Port 0 contains the following IO cells:
[IoId=4]: 
Pin : Name = \SPI:mosi_s(0)\
    Attributes:
        In Group/Port: True
        In Sync Option: NOSYNC
        Out Sync Option: AUTO
        Interrupt generated: False
        Interrupt mode: NONE
        Drive mode: HI_Z_DIGITAL
        VTrip: CMOS
        Slew: FAST
        Input Sync needed: False
        Output Sync needed: False
        SC shield enabled: False
        POR State: ANY
        LCD Mode: COMMON
        Register Mode: RegComb
        CaSense Mode: NEITHER
        Treat as pin: True
        Is OE Registered: False
        Uses Analog: False
        Can contain Digital: True
        Is SIO: False
        SIO Output Buf: NONREGULATED
        SIO Input Buf: SINGLE_ENDED
        SIO HiFreq: LOW
        SIO Hyst: DISABLED
        SIO Vtrip: MULTIPLIER_0_5
        SIO RefSel: VCC_IO
        Required Capabilitites: DIGITAL, SPI_MOSI
        Initial Value: 0
        IO Voltage: 0
    PORT MAP (
        pa_out => \SPI:mosi_s(0)\__PA ,
        fb => \SPI:Net_651\ ,
        pad => \SPI:mosi_s(0)_PAD\ );
    Properties:
    {
    }

[IoId=5]: 
Pin : Name = \SPI:miso_s(0)\
    Attributes:
        In Group/Port: True
        In Sync Option: NOSYNC
        Out Sync Option: NOSYNC
        Interrupt generated: False
        Interrupt mode: NONE
        Drive mode: CMOS_OUT
        VTrip: CMOS
        Slew: FAST
        Input Sync needed: False
        Output Sync needed: False
        SC shield enabled: False
        POR State: ANY
        LCD Mode: COMMON
        Register Mode: RegComb
        CaSense Mode: NEITHER
        Treat as pin: True
        Is OE Registered: False
        Uses Analog: False
        Can contain Digital: True
        Is SIO: False
        SIO Output Buf: NONREGULATED
        SIO Input Buf: SINGLE_ENDED
        SIO HiFreq: LOW
        SIO Hyst: DISABLED
        SIO Vtrip: MULTIPLIER_0_5
        SIO RefSel: VCC_IO
        Required Capabilitites: DIGITAL, SPI_MISO
        Initial Value: 1
        IO Voltage: 0
    PORT MAP (
        pa_out => \SPI:miso_s(0)\__PA ,
        input => \SPI:Net_703\ ,
        pad => \SPI:miso_s(0)_PAD\ );
    Properties:
    {
    }

[IoId=6]: 
Pin : Name = \SPI:sclk_s(0)\
    Attributes:
        In Group/Port: True
        In Sync Option: NOSYNC
        Out Sync Option: AUTO
        Interrupt generated: False
        Interrupt mode: NONE
        Drive mode: HI_Z_DIGITAL
        VTrip: CMOS
        Slew: FAST
        Input Sync needed: False
        Output Sync needed: False
        SC shield enabled: False
        POR State: ANY
        LCD Mode: COMMON
        Register Mode: RegComb
        CaSense Mode: NEITHER
        Treat as pin: True
        Is OE Registered: False
        Uses Analog: False
        Can contain Digital: True
        Is SIO: False
        SIO Output Buf: NONREGULATED
        SIO Input Buf: SINGLE_ENDED
        SIO HiFreq: LOW
        SIO Hyst: DISABLED
        SIO Vtrip: MULTIPLIER_0_5
        SIO RefSel: VCC_IO
        Required Capabilitites: DIGITAL, SPI_SCLK
        Initial Value: 0
        IO Voltage: 0
    PORT MAP (
        pa_out => \SPI:sclk_s(0)\__PA ,
        fb => \SPI:Net_653\ ,
        pad => \SPI:sclk_s(0)_PAD\ );
    Properties:
    {
    }

[IoId=7]: 
Pin : Name = \SPI:ss_s(0)\
    Attributes:
        In Group/Port: True
        In Sync Option: NOSYNC
        Out Sync Option: AUTO
        Interrupt generated: False
        Interrupt mode: NONE
        Drive mode: HI_Z_DIGITAL
        VTrip: CMOS
        Slew: FAST
        Input Sync needed: False
        Output Sync needed: False
        SC shield enabled: False
        POR State: ANY
        LCD Mode: COMMON
        Register Mode: RegComb
        CaSense Mode: NEITHER
        Treat as pin: True
        Is OE Registered: False
        Uses Analog: False
        Can contain Digital: True
        Is SIO: False
        SIO Output Buf: NONREGULATED
        SIO Input Buf: SINGLE_ENDED
        SIO HiFreq: LOW
        SIO Hyst: DISABLED
        SIO Vtrip: MULTIPLIER_0_5
        SIO RefSel: VCC_IO
        Required Capabilitites: DIGITAL, SPI_SS
        Initial Value: 0
        IO Voltage: 0
    PORT MAP (
        pa_out => \SPI:ss_s(0)\__PA ,
        fb => \SPI:Net_458\ ,
        pad => \SPI:ss_s(0)_PAD\ );
    Properties:
    {
    }

Port 1 is empty
Port 2 is empty
Port 3 is empty
Port 4 contains the following IO cells:
[IoId=0]: 
Pin : Name = \UART:rx(0)\
    Attributes:
        In Group/Port: True
        In Sync Option: NOSYNC
        Out Sync Option: AUTO
        Interrupt generated: False
        Interrupt mode: NONE
        Drive mode: HI_Z_DIGITAL
        VTrip: CMOS
        Slew: FAST
        Input Sync needed: False
        Output Sync needed: False
        SC shield enabled: False
        POR State: ANY
        LCD Mode: COMMON
        Register Mode: RegComb
        CaSense Mode: NEITHER
        Treat as pin: True
        Is OE Registered: False
        Uses Analog: False
        Can contain Digital: True
        Is SIO: False
        SIO Output Buf: NONREGULATED
        SIO Input Buf: SINGLE_ENDED
        SIO HiFreq: LOW
        SIO Hyst: DISABLED
        SIO Vtrip: MULTIPLIER_0_5
        SIO RefSel: VCC_IO
        Required Capabilitites: DIGITAL, SCB_UART_RX
        Initial Value: 0
        IO Voltage: 0
    PORT MAP (
        pa_out => \UART:rx(0)\__PA ,
        fb => \UART:Net_654\ ,
        pad => \UART:rx(0)_PAD\ );
    Properties:
    {
    }

[IoId=1]: 
Pin : Name = \UART:tx(0)\
    Attributes:
        In Group/Port: True
        In Sync Option: NOSYNC
        Out Sync Option: NOSYNC
        Interrupt generated: False
        Interrupt mode: NONE
        Drive mode: CMOS_OUT
        VTrip: CMOS
        Slew: FAST
        Input Sync needed: False
        Output Sync needed: False
        SC shield enabled: False
        POR State: ANY
        LCD Mode: COMMON
        Register Mode: RegComb
        CaSense Mode: NEITHER
        Treat as pin: True
        Is OE Registered: False
        Uses Analog: False
        Can contain Digital: True
        Is SIO: False
        SIO Output Buf: NONREGULATED
        SIO Input Buf: SINGLE_ENDED
        SIO HiFreq: LOW
        SIO Hyst: DISABLED
        SIO Vtrip: MULTIPLIER_0_5
        SIO RefSel: VCC_IO
        Required Capabilitites: DIGITAL, SCB_UART_TX
        Initial Value: 1
        IO Voltage: 0
    PORT MAP (
        pa_out => \UART:tx(0)\__PA ,
        input => \UART:Net_656\ ,
        pad => \UART:tx(0)_PAD\ );
    Properties:
    {
    }

Fixed Function block hod @ [FFB(Clock,0)]: 
    M0S8 Clock Block @ [FFB(Clock,0)]: 
    m0s8clockblockcell: Name =ClockBlock
        PORT MAP (
            lfclk => ClockBlock_LFCLK ,
            ilo => ClockBlock_ILO ,
            sysclk => ClockBlock_SYSCLK ,
            ext => ClockBlock_EXTCLK ,
            imo => ClockBlock_IMO ,
            hfclk => ClockBlock_HFCLK ,
            ff_div_2 => \SPI:Net_284_ff2\ ,
            ff_div_3 => \UART:Net_284_ff3\ );
        Properties:
        {
        }
Fixed Function block hod @ [FFB(PM,0)]: empty
Fixed Function block hod @ [FFB(SPC,0)]: empty
Fixed Function block hod @ [FFB(WDT,0)]: empty
Fixed Function block hod @ [FFB(FSS,0)]: empty
Fixed Function block hod @ [FFB(LPCOMP,0)]: empty
Fixed Function block hod @ [FFB(SCB,0)]: 
    Scb Block @ [FFB(SCB,0)]: 
    m0s8scbcell: Name =\UART:SCB\
        PORT MAP (
            clock => \UART:Net_284_ff3\ ,
            interrupt => Net_11 ,
            rx => \UART:Net_654\ ,
            tx => \UART:Net_656\ ,
            mosi_m => \UART:Net_660\ ,
            select_m_3 => \UART:ss_3\ ,
            select_m_2 => \UART:ss_2\ ,
            select_m_1 => \UART:ss_1\ ,
            select_m_0 => \UART:ss_0\ ,
            sclk_m => \UART:Net_687\ ,
            miso_s => \UART:Net_703\ );
        Properties:
        {
            cy_registers = ""
            scb_mode = 2
        }
    Scb Block @ [FFB(SCB,1)]: 
    m0s8scbcell: Name =\SPI:SCB\
        PORT MAP (
            clock => \SPI:Net_284_ff2\ ,
            interrupt => Net_14 ,
            tx => \SPI:Net_656\ ,
            mosi_m => \SPI:Net_660\ ,
            select_m_3 => \SPI:ss_3\ ,
            select_m_2 => \SPI:ss_2\ ,
            select_m_1 => \SPI:ss_1\ ,
            select_m_0 => \SPI:ss_0\ ,
            sclk_m => \SPI:Net_687\ ,
            mosi_s => \SPI:Net_651\ ,
            miso_s => \SPI:Net_703\ ,
            select_s => \SPI:Net_458\ ,
            sclk_s => \SPI:Net_653\ );
        Properties:
        {
            cy_registers = ""
            scb_mode = 1
        }
Fixed Function block hod @ [FFB(CSD,0)]: empty
Fixed Function block hod @ [FFB(CSIDAC8,0)]: empty
Fixed Function block hod @ [FFB(CSIDAC7,0)]: empty
Fixed Function block hod @ [FFB(TCPWM,0)]: empty
Fixed Function block hod @ [FFB(OA,0)]: empty
Fixed Function block hod @ [FFB(TEMP,0)]: empty
Fixed Function block hod @ [FFB(SARADC,0)]: empty
Fixed Function block hod @ [FFB(M0S8LCD,0)]: empty
Fixed Function block hod @ [FFB(CLK_GEN,0)]: 
    M0S8 Clock Gen Block @ [FFB(CLK_GEN,0)]: 
    m0s8clockgenblockcell: Name =ClockGenBlock
        PORT MAP (
             );
        Properties:
        {
        }
Fixed Function block hod @ [FFB(LPCOMPBLOCK,0)]: empty
Fixed Function block hod @ [FFB(CTBMBLOCK,0)]: empty
Fixed Function block hod @ [FFB(ANAPUMP,0)]: empty
</CYPRESSTAG>
<CYPRESSTAG name="Port Configuration Details">

------------------------------------------------------------
Port Configuration report
------------------------------------------------------------
     |     |       | Interrupt |                  |                 | 
Port | Pin | Fixed |      Type |       Drive Mode |            Name | Connections
-----+-----+-------+-----------+------------------+-----------------+-------------------
   0 |   4 |       |      NONE |     HI_Z_DIGITAL | \SPI:mosi_s(0)\ | FB(\SPI:Net_651\)
     |   5 |       |      NONE |         CMOS_OUT | \SPI:miso_s(0)\ | In(\SPI:Net_703\)
     |   6 |       |      NONE |     HI_Z_DIGITAL | \SPI:sclk_s(0)\ | FB(\SPI:Net_653\)
     |   7 |       |      NONE |     HI_Z_DIGITAL |   \SPI:ss_s(0)\ | FB(\SPI:Net_458\)
-----+-----+-------+-----------+------------------+-----------------+-------------------
   4 |   0 |       |      NONE |     HI_Z_DIGITAL |    \UART:rx(0)\ | FB(\UART:Net_654\)
     |   1 |       |      NONE |         CMOS_OUT |    \UART:tx(0)\ | In(\UART:Net_656\)
----------------------------------------------------------------------------------------
</CYPRESSTAG>
</CYPRESSTAG>
</CYPRESSTAG>
Digital component placer commit/Report: Elapsed time ==> 0s.001ms
Digital Placement phase: Elapsed time ==> 0s.814ms
</CYPRESSTAG>
<CYPRESSTAG name="Digital Routing">
Routing successful.
Digital Routing phase: Elapsed time ==> 0s.572ms
</CYPRESSTAG>
<CYPRESSTAG name="Bitstream and API generation">
Bitstream and API generation phase: Elapsed time ==> 0s.266ms
</CYPRESSTAG>
<CYPRESSTAG name="Bitstream verification">
Bitstream verification phase: Elapsed time ==> 0s.042ms
</CYPRESSTAG>
<CYPRESSTAG name="Static timing analysis">
Timing report is in main_timing.html.
Static timing analysis phase: Elapsed time ==> 0s.255ms
</CYPRESSTAG>
<CYPRESSTAG name="Data reporting">
Data reporting phase: Elapsed time ==> 0s.000ms
</CYPRESSTAG>
<CYPRESSTAG name="Database update...">
Design database save phase: Elapsed time ==> 0s.233ms
</CYPRESSTAG>
cydsfit: Elapsed time ==> 2s.482ms
</CYPRESSTAG>
Fitter phase: Elapsed time ==> 2s.528ms
API generation phase: Elapsed time ==> 1s.429ms
Dependency generation phase: Elapsed time ==> 0s.007ms
Cleanup phase: Elapsed time ==> 0s.001ms
